<?xml version="1.0" encoding="UTF-8"?>
<!-- Generated by org.testng.reporters.JUnitXMLReporter -->
<testsuite name="Command line test" tests="7" failures="0" timestamp="7 Jun 2014 18:40:17 GMT" time="2.822" errors="0">
  <testcase name="testQueryParams" time="0.019" classname="com.yahoo.weather.client.WeatherClientTest"/>
  <testcase name="testQueryParams" time="0.0" classname="com.yahoo.weather.client.WeatherClientTest"/>
  <testcase name="testWeatherForInvalidLocation" time="1.651" classname="com.yahoo.weather.client.WeatherClientTest"/>
  <testcase name="testWeatherForLocation" time="0.51" classname="com.yahoo.weather.client.WeatherClientTest"/>
  <testcase name="testWeatherForLocation" time="0.488" classname="com.yahoo.weather.client.WeatherClientTest"/>
  <testcase name="testWeatherForNullLocation" time="0.067" classname="com.yahoo.weather.client.WeatherClientTest"/>
  <testcase name="testWeatherForNullLocation" time="0.06" classname="com.yahoo.weather.client.WeatherClientTest"/>
</testsuite> <!-- Command line test -->
