<?xml version="1.0" encoding="UTF-8"?>
<testng-results skipped="0" failed="0" total="7" passed="7">
  <reporter-output>
  </reporter-output>
  <suite name="com.yahoo.weather.client.WeatherClientTest" duration-ms="2822" started-at="2014-06-07T18:40:14Z" finished-at="2014-06-07T18:40:17Z">
    <groups>
    </groups>
    <test name="Command line test" duration-ms="2822" started-at="2014-06-07T18:40:14Z" finished-at="2014-06-07T18:40:17Z">
      <class name="com.yahoo.weather.client.WeatherClientTest">
        <test-method status="PASS" signature="testQueryParams(java.lang.String, java.lang.String)[pri:0, instance:com.yahoo.weather.client.WeatherClientTest@3541d281]" name="testQueryParams" duration-ms="19" started-at="2014-06-08T00:10:14Z" data-provider="positivecases" finished-at="2014-06-08T00:10:15Z">
          <params>
            <param index="0">
              <value>
                <![CDATA[2295020]]>
              </value>
            </param>
            <param index="1">
              <value>
                <![CDATA[Gurgaon, IN]]>
              </value>
            </param>
          </params>
          <reporter-output>
          </reporter-output>
        </test-method> <!-- testQueryParams -->
        <test-method status="PASS" signature="testQueryParams(java.lang.String, java.lang.String)[pri:0, instance:com.yahoo.weather.client.WeatherClientTest@3541d281]" name="testQueryParams" duration-ms="0" started-at="2014-06-08T00:10:15Z" data-provider="positivecases" finished-at="2014-06-08T00:10:15Z">
          <params>
            <param index="0">
              <value>
                <![CDATA[2502265]]>
              </value>
            </param>
            <param index="1">
              <value>
                <![CDATA[Sunnyvale, CA]]>
              </value>
            </param>
          </params>
          <reporter-output>
          </reporter-output>
        </test-method> <!-- testQueryParams -->
        <test-method status="PASS" signature="testWeatherForInvalidLocation(java.lang.String)[pri:0, instance:com.yahoo.weather.client.WeatherClientTest@3541d281]" name="testWeatherForInvalidLocation" duration-ms="1651" started-at="2014-06-08T00:10:15Z" data-provider="invalidcases" finished-at="2014-06-08T00:10:16Z">
          <params>
            <param index="0">
              <value>
                <![CDATA[abcde]]>
              </value>
            </param>
          </params>
          <reporter-output>
          </reporter-output>
        </test-method> <!-- testWeatherForInvalidLocation -->
        <test-method status="PASS" signature="testWeatherForLocation(java.lang.String, java.lang.String)[pri:0, instance:com.yahoo.weather.client.WeatherClientTest@3541d281]" name="testWeatherForLocation" duration-ms="510" started-at="2014-06-08T00:10:16Z" data-provider="positivecases" finished-at="2014-06-08T00:10:17Z">
          <params>
            <param index="0">
              <value>
                <![CDATA[2295020]]>
              </value>
            </param>
            <param index="1">
              <value>
                <![CDATA[Gurgaon, IN]]>
              </value>
            </param>
          </params>
          <reporter-output>
          </reporter-output>
        </test-method> <!-- testWeatherForLocation -->
        <test-method status="PASS" signature="testWeatherForLocation(java.lang.String, java.lang.String)[pri:0, instance:com.yahoo.weather.client.WeatherClientTest@3541d281]" name="testWeatherForLocation" duration-ms="488" started-at="2014-06-08T00:10:17Z" data-provider="positivecases" finished-at="2014-06-08T00:10:17Z">
          <params>
            <param index="0">
              <value>
                <![CDATA[2502265]]>
              </value>
            </param>
            <param index="1">
              <value>
                <![CDATA[Sunnyvale, CA]]>
              </value>
            </param>
          </params>
          <reporter-output>
          </reporter-output>
        </test-method> <!-- testWeatherForLocation -->
        <test-method status="PASS" signature="testWeatherForNullLocation(java.lang.String)[pri:0, instance:com.yahoo.weather.client.WeatherClientTest@3541d281]" name="testWeatherForNullLocation" duration-ms="67" started-at="2014-06-08T00:10:17Z" data-provider="nullcases" finished-at="2014-06-08T00:10:17Z">
          <params>
            <param index="0">
              <value>
                <![CDATA[]]>
              </value>
            </param>
          </params>
          <exception class="com.yahoo.weather.client.exception.InvalidInputException">
            <message>
              <![CDATA[Location code not provided, please find the appropriate location code for your location at : https://weather.yahoo.com/]]>
            </message>
            <full-stacktrace>
              <![CDATA[com.yahoo.weather.client.exception.InvalidInputException: Location code not provided, please find the appropriate location code for your location at : https://weather.yahoo.com/
	at com.yahoo.weather.client.WeatherClient.getQueryParams(WeatherClient.java:43)
	at com.yahoo.weather.client.WeatherClient.sendWeatherRequest(WeatherClient.java:32)
	at com.yahoo.weather.client.WeatherClientTest.testWeatherForNullLocation(WeatherClientTest.java:44)
	at sun.reflect.NativeMethodAccessorImpl.invoke0(Native Method)
	at sun.reflect.NativeMethodAccessorImpl.invoke(NativeMethodAccessorImpl.java:57)
	at sun.reflect.DelegatingMethodAccessorImpl.invoke(DelegatingMethodAccessorImpl.java:43)
	at java.lang.reflect.Method.invoke(Method.java:606)
	at org.testng.internal.MethodInvocationHelper.invokeMethod(MethodInvocationHelper.java:84)
	at org.testng.internal.Invoker.invokeMethod(Invoker.java:714)
	at org.testng.internal.Invoker.invokeTestMethod(Invoker.java:901)
	at org.testng.internal.Invoker.invokeTestMethods(Invoker.java:1231)
	at org.testng.internal.TestMethodWorker.invokeTestMethods(TestMethodWorker.java:127)
	at org.testng.internal.TestMethodWorker.run(TestMethodWorker.java:111)
	at org.testng.TestRunner.privateRun(TestRunner.java:767)
	at org.testng.TestRunner.run(TestRunner.java:617)
	at org.testng.SuiteRunner.runTest(SuiteRunner.java:334)
	at org.testng.SuiteRunner.runSequentially(SuiteRunner.java:329)
	at org.testng.SuiteRunner.privateRun(SuiteRunner.java:291)
	at org.testng.SuiteRunner.run(SuiteRunner.java:240)
	at org.testng.SuiteRunnerWorker.runSuite(SuiteRunnerWorker.java:52)
	at org.testng.SuiteRunnerWorker.run(SuiteRunnerWorker.java:86)
	at org.testng.TestNG.runSuitesSequentially(TestNG.java:1224)
	at org.testng.TestNG.runSuitesLocally(TestNG.java:1149)
	at org.testng.TestNG.run(TestNG.java:1057)
	at org.apache.maven.surefire.testng.TestNGExecutor.run(TestNGExecutor.java:77)
	at org.apache.maven.surefire.testng.TestNGDirectoryTestSuite.executeSingleClass(TestNGDirectoryTestSuite.java:126)
	at org.apache.maven.surefire.testng.TestNGDirectoryTestSuite.execute(TestNGDirectoryTestSuite.java:110)
	at org.apache.maven.surefire.testng.TestNGProvider.invoke(TestNGProvider.java:117)
	at sun.reflect.NativeMethodAccessorImpl.invoke0(Native Method)
	at sun.reflect.NativeMethodAccessorImpl.invoke(NativeMethodAccessorImpl.java:57)
	at sun.reflect.DelegatingMethodAccessorImpl.invoke(DelegatingMethodAccessorImpl.java:43)
	at java.lang.reflect.Method.invoke(Method.java:606)
	at org.apache.maven.surefire.util.ReflectionUtils.invokeMethodWithArray2(ReflectionUtils.java:208)
	at org.apache.maven.surefire.booter.ProviderFactory$ProviderProxy.invoke(ProviderFactory.java:159)
	at org.apache.maven.surefire.booter.ProviderFactory.invokeProvider(ProviderFactory.java:87)
	at org.apache.maven.surefire.booter.ForkedBooter.runSuitesInProcess(ForkedBooter.java:153)
	at org.apache.maven.surefire.booter.ForkedBooter.main(ForkedBooter.java:95)
]]>
            </full-stacktrace>
          </exception> <!-- com.yahoo.weather.client.exception.InvalidInputException -->
          <reporter-output>
          </reporter-output>
        </test-method> <!-- testWeatherForNullLocation -->
        <test-method status="PASS" signature="testWeatherForNullLocation(java.lang.String)[pri:0, instance:com.yahoo.weather.client.WeatherClientTest@3541d281]" name="testWeatherForNullLocation" duration-ms="60" started-at="2014-06-08T00:10:17Z" data-provider="nullcases" finished-at="2014-06-08T00:10:17Z">
          <params>
            <param index="0">
              <value is-null="true"/>
            </param>
          </params>
          <exception class="com.yahoo.weather.client.exception.InvalidInputException">
            <message>
              <![CDATA[Location code not provided, please find the appropriate location code for your location at : https://weather.yahoo.com/]]>
            </message>
            <full-stacktrace>
              <![CDATA[com.yahoo.weather.client.exception.InvalidInputException: Location code not provided, please find the appropriate location code for your location at : https://weather.yahoo.com/
	at com.yahoo.weather.client.WeatherClient.getQueryParams(WeatherClient.java:43)
	at com.yahoo.weather.client.WeatherClient.sendWeatherRequest(WeatherClient.java:32)
	at com.yahoo.weather.client.WeatherClientTest.testWeatherForNullLocation(WeatherClientTest.java:44)
	at sun.reflect.NativeMethodAccessorImpl.invoke0(Native Method)
	at sun.reflect.NativeMethodAccessorImpl.invoke(NativeMethodAccessorImpl.java:57)
	at sun.reflect.DelegatingMethodAccessorImpl.invoke(DelegatingMethodAccessorImpl.java:43)
	at java.lang.reflect.Method.invoke(Method.java:606)
	at org.testng.internal.MethodInvocationHelper.invokeMethod(MethodInvocationHelper.java:84)
	at org.testng.internal.Invoker.invokeMethod(Invoker.java:714)
	at org.testng.internal.Invoker.invokeTestMethod(Invoker.java:901)
	at org.testng.internal.Invoker.invokeTestMethods(Invoker.java:1231)
	at org.testng.internal.TestMethodWorker.invokeTestMethods(TestMethodWorker.java:127)
	at org.testng.internal.TestMethodWorker.run(TestMethodWorker.java:111)
	at org.testng.TestRunner.privateRun(TestRunner.java:767)
	at org.testng.TestRunner.run(TestRunner.java:617)
	at org.testng.SuiteRunner.runTest(SuiteRunner.java:334)
	at org.testng.SuiteRunner.runSequentially(SuiteRunner.java:329)
	at org.testng.SuiteRunner.privateRun(SuiteRunner.java:291)
	at org.testng.SuiteRunner.run(SuiteRunner.java:240)
	at org.testng.SuiteRunnerWorker.runSuite(SuiteRunnerWorker.java:52)
	at org.testng.SuiteRunnerWorker.run(SuiteRunnerWorker.java:86)
	at org.testng.TestNG.runSuitesSequentially(TestNG.java:1224)
	at org.testng.TestNG.runSuitesLocally(TestNG.java:1149)
	at org.testng.TestNG.run(TestNG.java:1057)
	at org.apache.maven.surefire.testng.TestNGExecutor.run(TestNGExecutor.java:77)
	at org.apache.maven.surefire.testng.TestNGDirectoryTestSuite.executeSingleClass(TestNGDirectoryTestSuite.java:126)
	at org.apache.maven.surefire.testng.TestNGDirectoryTestSuite.execute(TestNGDirectoryTestSuite.java:110)
	at org.apache.maven.surefire.testng.TestNGProvider.invoke(TestNGProvider.java:117)
	at sun.reflect.NativeMethodAccessorImpl.invoke0(Native Method)
	at sun.reflect.NativeMethodAccessorImpl.invoke(NativeMethodAccessorImpl.java:57)
	at sun.reflect.DelegatingMethodAccessorImpl.invoke(DelegatingMethodAccessorImpl.java:43)
	at java.lang.reflect.Method.invoke(Method.java:606)
	at org.apache.maven.surefire.util.ReflectionUtils.invokeMethodWithArray2(ReflectionUtils.java:208)
	at org.apache.maven.surefire.booter.ProviderFactory$ProviderProxy.invoke(ProviderFactory.java:159)
	at org.apache.maven.surefire.booter.ProviderFactory.invokeProvider(ProviderFactory.java:87)
	at org.apache.maven.surefire.booter.ForkedBooter.runSuitesInProcess(ForkedBooter.java:153)
	at org.apache.maven.surefire.booter.ForkedBooter.main(ForkedBooter.java:95)
]]>
            </full-stacktrace>
          </exception> <!-- com.yahoo.weather.client.exception.InvalidInputException -->
          <reporter-output>
          </reporter-output>
        </test-method> <!-- testWeatherForNullLocation -->
      </class> <!-- com.yahoo.weather.client.WeatherClientTest -->
    </test> <!-- Command line test -->
  </suite> <!-- com.yahoo.weather.client.WeatherClientTest -->
</testng-results>
