<?xml version="1.0" encoding="UTF-8"?>
<TestRun id="166ab42b-02a7-4d03-b357-24426af60561" name="dgaglani@WIN-B3M5SP1197C 2014-10-01 01:12:24" runUser="SEA\dgaglani" xmlns="http://microsoft.com/schemas/VisualStudio/TeamTest/2010">
  <TestSettings name="Default Test Settings" id="fbd8fa00-e925-4e4d-879a-ec26800352c1">
    <Deployment userDeploymentRoot="c:\dgaglani" useDefaultDeploymentRoot="false" runDeploymentRoot="dgaglani_WIN-B3M5SP1197C 2014-10-01 01_12_24[4]" />
    <Execution>
      <TestTypeSpecific />
      <AgentRule name="Execution Agents">
      </AgentRule>
    </Execution>
  </TestSettings>
  <Times creation="2014-10-01T01:12:24.3132374-07:00" queuing="2014-10-01T01:12:25.3132533-07:00" start="2014-10-01T01:12:25.5007218-07:00" finish="2014-10-01T01:12:27.8288258-07:00" />
  <ResultSummary outcome="Failed">
    <Counters total="1" executed="1" error="0" failed="1" timeout="0" aborted="0" inconclusive="0" passedButRunAborted="0" notRunnable="0" notExecuted="0" disconnected="0" warning="0" passed="0" completed="0" inProgress="0" pending="0" />
    <Output>
      <StdOut>CRS Log Service Down
</StdOut>
    </Output>
    <RunInfos>
      <RunInfo computerName="WIN-B3M5SP1197C" outcome="Warning" timestamp="2014-10-01T01:12:25.0319625-07:00">
        <Text>Warning: Test Run deployment issue: The assembly or module 'Microsoft.Web.Administration' directly or indirectly referenced by the test container 'c:\dgaglani\tcoe-master\tcoe-master\gulfstreamtestcollection\products\airinterfacetests\v1.0\regression\bin\debug\regression.dll' was not found.</Text>
      </RunInfo>
      <RunInfo computerName="WIN-B3M5SP1197C" outcome="Warning" timestamp="2014-10-01T01:12:25.0319625-07:00">
        <Text>Warning: Test Run deployment issue: The assembly or module 'Noemax.WCFX' directly or indirectly referenced by the test container 'c:\dgaglani\tcoe-master\tcoe-master\gulfstreamtestcollection\products\airinterfacetests\v1.0\regression\bin\debug\regression.dll' was not found.</Text>
      </RunInfo>
    </RunInfos>
  </ResultSummary>
  <TestDefinitions>
    <UnitTest name="OMSBookV2TFTest" storage="c:\dgaglani\tcoe-master\tcoe-master\gulfstreamtestcollection\products\airinterfacetests\v1.0\regression\bin\debug\regression.dll" id="20ef832a-268e-385b-5b8d-a5dfd813dbc7">
      <Execution timeOut="2147483647" id="55d0749e-2bc2-43e2-a6ae-d5e40e3ec16f" />
      <DeploymentItems>
        <DeploymentItem filename="TestData" outputDirectory="TestData" />
      </DeploymentItems>
      <TestMethod codeBase="C:/dgaglani/TCOE-master/TCOE-master/GulfstreamTestCollection/products/AirInterfaceTests/v1.0/Regression/bin/Debug/Regression.DLL" adapterTypeName="Microsoft.VisualStudio.TestTools.TestTypes.Unit.UnitTestAdapter, Microsoft.VisualStudio.QualityTools.Tips.UnitTest.Adapter, Version=10.0.0.0, Culture=neutral, PublicKeyToken=b03f5f7f11d50a3a" className="OMSPurchaseV2.OMSBookV2MSTest, Regression, Version=1.0.0.0, Culture=neutral, PublicKeyToken=null" name="OMSBookV2TFTest" />
      <DataSource connectionString="|DataDirectory|\TestData\OMSPurchaseV2\TestData_OMSPurchaseV2TF.xml" providerInvariantName="Microsoft.VisualStudio.TestTools.DataSource.XML" tableName="Test" />
    </UnitTest>
  </TestDefinitions>
  <TestLists>
    <TestList name="Results Not in a List" id="8c84fa94-04c1-424b-9868-57a2d4851a1d" />
    <TestList name="All Loaded Results" id="19431567-8539-422a-85d7-44ee4e166bda" />
  </TestLists>
  <TestEntries>
    <TestEntry testId="20ef832a-268e-385b-5b8d-a5dfd813dbc7" executionId="55d0749e-2bc2-43e2-a6ae-d5e40e3ec16f" testListId="8c84fa94-04c1-424b-9868-57a2d4851a1d" />
  </TestEntries>
  <Results>
    <UnitTestResult executionId="55d0749e-2bc2-43e2-a6ae-d5e40e3ec16f" testId="20ef832a-268e-385b-5b8d-a5dfd813dbc7" testName="OMSBookV2TFTest" computerName="WIN-B3M5SP1197C" startTime="2014-10-01T01:12:25.5632722-07:00" endTime="2014-10-01T01:12:27.3445084-07:00" testType="13cdc9d9-ddb5-4fa4-a97d-d965ccfc6d4b" outcome="Failed" testListId="8c84fa94-04c1-424b-9868-57a2d4851a1d" relativeResultsDirectory="55d0749e-2bc2-43e2-a6ae-d5e40e3ec16f">
      <Output>
        <ErrorInfo>
          <Message>Class Initialization method OMSPurchaseV2.OMSBookV2MSTest.MyClassInitialize threw exception. System.Net.WebException: System.Net.WebException: The remote server returned an error: (500) Internal Server Error..</Message>
          <StackTrace>    at System.Net.HttpWebRequest.GetResponse()
   at Expedia.AirInterface.Test.Framework.MSTestSettings.PingCRS(String CRSAddress) in C:\dgaglani\TCOE-master\TCOE-master\GulfstreamTestCollection\products\AirInterfaceTests\v1.0\AirTestFramework\MSTestSettings.cs:line 20
   at OMSPurchaseV2.OMSBookV2MSTest.MyClassInitialize(TestContext testContext) in C:\dgaglani\TCOE-master\TCOE-master\GulfstreamTestCollection\products\AirInterfaceTests\v1.0\Regression\OMSPurchaseV2.cs:line 736
</StackTrace>
        </ErrorInfo>
      </Output>
    </UnitTestResult>
  </Results>
</TestRun>